react/android/app/build/intermediates/manifest_merge_blame_file/debug/manifest-merger-blame-debug-report.txt
1<?xml version="1.0" encoding="utf-8"?>
2<manifest xmlns:android="http://schemas.android.com/apk/res/android"
3    package="com.fans_club_app"
4    android:versionCode="1"
5    android:versionName="1.0" >
6
7    <uses-sdk
8        android:minSdkVersion="16"
9        android:targetSdkVersion="28" />
10
11    <uses-permission android:name="android.permission.SYSTEM_ALERT_WINDOW" />
11-->src/debug/AndroidManifest.xml:5:5-77
11-->src/debug/AndroidManifest.xml:5:22-75
12    <uses-permission android:name="android.permission.INTERNET" />
12-->src/main/AndroidManifest.xml:3:3-65
12-->src/main/AndroidManifest.xml:3:20-62
13    <uses-permission android:name="android.permission.ACCESS_WIFI_STATE" />
13-->[com.facebook.flipper:flipper:0.33.1] AndroidManifest.xml:16:5-76
13-->[com.facebook.flipper:flipper:0.33.1] AndroidManifest.xml:16:22-73
14    <uses-permission android:name="android.permission.ACCESS_FINE_LOCATION" />
14-->[:react-native-mapbox-gl_maps] AndroidManifest.xml:12:5-79
14-->[:react-native-mapbox-gl_maps] AndroidManifest.xml:12:22-76
15    <uses-permission android:name="android.permission.WRITE_EXTERNAL_STORAGE" />
15-->[:expo-file-system] AndroidManifest.xml:13:5-81
15-->[:expo-file-system] AndroidManifest.xml:13:22-78
16    <uses-permission android:name="android.permission.READ_EXTERNAL_STORAGE" />
16-->[:expo-file-system] AndroidManifest.xml:14:5-80
16-->[:expo-file-system] AndroidManifest.xml:14:22-77
17    <uses-permission android:name="android.permission.STORAGE" />
17-->[:expo-file-system] AndroidManifest.xml:15:5-66
17-->[:expo-file-system] AndroidManifest.xml:15:22-63
18
19    <uses-feature
19-->[com.mapbox.mapboxsdk:mapbox-android-sdk:9.1.0] AndroidManifest.xml:9:5-11:35
20        android:glEsVersion="0x00020000"
20-->[com.mapbox.mapboxsdk:mapbox-android-sdk:9.1.0] AndroidManifest.xml:10:9-41
21        android:required="true" />
21-->[com.mapbox.mapboxsdk:mapbox-android-sdk:9.1.0] AndroidManifest.xml:11:9-32
22    <uses-feature
22-->[com.mapbox.mapboxsdk:mapbox-android-sdk:9.1.0] AndroidManifest.xml:12:5-14:36
23        android:name="android.hardware.wifi"
23-->[com.mapbox.mapboxsdk:mapbox-android-sdk:9.1.0] AndroidManifest.xml:13:9-45
24        android:required="false" />
24-->[com.mapbox.mapboxsdk:mapbox-android-sdk:9.1.0] AndroidManifest.xml:14:9-33
25
26    <uses-permission android:name="android.permission.ACCESS_NETWORK_STATE" /> <!-- Required for CrashReporterJobIntentService on API levels below 25 -->
26-->[com.mapbox.mapboxsdk:mapbox-android-sdk:9.1.0] AndroidManifest.xml:17:5-79
26-->[com.mapbox.mapboxsdk:mapbox-android-sdk:9.1.0] AndroidManifest.xml:17:22-76
27    <uses-permission android:name="android.permission.WAKE_LOCK" />
27-->[com.mapbox.mapboxsdk:mapbox-android-telemetry:5.0.0] AndroidManifest.xml:12:5-68
27-->[com.mapbox.mapboxsdk:mapbox-android-telemetry:5.0.0] AndroidManifest.xml:12:22-65
28    <uses-permission android:name="com.google.android.finsky.permission.BIND_GET_INSTALL_REFERRER_SERVICE" />
28-->[com.android.installreferrer:installreferrer:1.0] AndroidManifest.xml:9:5-110
28-->[com.android.installreferrer:installreferrer:1.0] AndroidManifest.xml:9:22-107
29
30    <application
30-->src/main/AndroidManifest.xml:5:3-26:17
31        android:name="com.fans_club_app.MainApplication"
31-->src/main/AndroidManifest.xml:5:16-47
32        android:allowBackup="false"
32-->src/main/AndroidManifest.xml:5:162-189
33        android:appComponentFactory="androidx.core.app.CoreComponentFactory"
33-->[androidx.core:core:1.1.0] AndroidManifest.xml:24:18-86
34        android:debuggable="true"
35        android:icon="@mipmap/ic_launcher"
35-->src/main/AndroidManifest.xml:5:81-115
36        android:label="@string/app_name"
36-->src/main/AndroidManifest.xml:5:48-80
37        android:roundIcon="@mipmap/ic_launcher_round"
37-->src/main/AndroidManifest.xml:5:116-161
38        android:supportsRtl="true"
38-->[com.facebook.android:facebook-android-sdk:5.15.3] AndroidManifest.xml:28:18-44
39        android:theme="@style/AppTheme"
39-->src/main/AndroidManifest.xml:5:190-221
40        android:usesCleartextTraffic="true" >
40-->src/debug/AndroidManifest.xml:7:18-53
41        <meta-data
41-->src/main/AndroidManifest.xml:6:5-103
42            android:name="com.facebook.sdk.ApplicationId"
42-->src/main/AndroidManifest.xml:6:16-61
43            android:value="@string/facebook_app_id" />
43-->src/main/AndroidManifest.xml:6:62-101
44
45        <activity
45-->src/main/AndroidManifest.xml:8:5-9:114
46            android:name="com.facebook.FacebookActivity"
46-->src/main/AndroidManifest.xml:8:15-59
47            android:configChanges="keyboard|keyboardHidden|screenLayout|screenSize|orientation"
47-->src/main/AndroidManifest.xml:8:60-160
48            android:label="@string/app_name"
48-->src/main/AndroidManifest.xml:9:79-111
49            android:theme="@style/com_facebook_activity_theme" />
49-->[com.facebook.android:facebook-common:7.0.1] AndroidManifest.xml:33:13-63
50        <activity
50-->src/main/AndroidManifest.xml:10:5-17:16
51            android:name="com.facebook.CustomTabActivity"
51-->src/main/AndroidManifest.xml:10:15-60
52            android:exported="true" >
52-->src/main/AndroidManifest.xml:10:61-84
53            <intent-filter>
53-->src/main/AndroidManifest.xml:11:7-16:23
54                <action android:name="android.intent.action.VIEW" />
54-->src/main/AndroidManifest.xml:12:9-61
54-->src/main/AndroidManifest.xml:12:17-58
55
56                <category android:name="android.intent.category.DEFAULT" />
56-->src/main/AndroidManifest.xml:13:9-68
56-->src/main/AndroidManifest.xml:13:19-65
57                <category android:name="android.intent.category.BROWSABLE" />
57-->src/main/AndroidManifest.xml:14:9-70
57-->src/main/AndroidManifest.xml:14:19-67
58
59                <data android:scheme="@string/fb_login_protocol_scheme" />
59-->src/main/AndroidManifest.xml:15:9-67
59-->src/main/AndroidManifest.xml:15:15-64
60            </intent-filter>
61            <intent-filter>
61-->[com.facebook.android:facebook-common:7.0.1] AndroidManifest.xml:39:13-48:29
62                <action android:name="android.intent.action.VIEW" />
62-->src/main/AndroidManifest.xml:12:9-61
62-->src/main/AndroidManifest.xml:12:17-58
63
64                <category android:name="android.intent.category.DEFAULT" />
64-->src/main/AndroidManifest.xml:13:9-68
64-->src/main/AndroidManifest.xml:13:19-65
65                <category android:name="android.intent.category.BROWSABLE" />
65-->src/main/AndroidManifest.xml:14:9-70
65-->src/main/AndroidManifest.xml:14:19-67
66
67                <data
67-->src/main/AndroidManifest.xml:15:9-67
68                    android:host="cct.com.fans_club_app"
69                    android:scheme="fbconnect" />
69-->src/main/AndroidManifest.xml:15:15-64
70            </intent-filter>
71        </activity>
72        <activity
72-->src/main/AndroidManifest.xml:19:5-24:16
73            android:name="com.fans_club_app.MainActivity"
73-->src/main/AndroidManifest.xml:19:15-43
74            android:configChanges="keyboard|keyboardHidden|orientation|screenSize|uiMode"
74-->src/main/AndroidManifest.xml:19:77-154
75            android:label="@string/app_name"
75-->src/main/AndroidManifest.xml:19:44-76
76            android:launchMode="singleTask"
76-->src/main/AndroidManifest.xml:19:155-186
77            android:windowSoftInputMode="adjustResize" >
77-->src/main/AndroidManifest.xml:19:187-229
78            <intent-filter>
78-->src/main/AndroidManifest.xml:20:7-23:23
79                <action android:name="android.intent.action.MAIN" />
79-->src/main/AndroidManifest.xml:21:9-61
79-->src/main/AndroidManifest.xml:21:17-58
80
81                <category android:name="android.intent.category.LAUNCHER" />
81-->src/main/AndroidManifest.xml:22:9-69
81-->src/main/AndroidManifest.xml:22:19-66
82            </intent-filter>
83        </activity>
84        <activity android:name="com.facebook.react.devsupport.DevSettingsActivity" />
84-->src/main/AndroidManifest.xml:25:5-82
84-->src/main/AndroidManifest.xml:25:15-79
85
86        <provider
86-->[:expo-file-system] AndroidManifest.xml:18:9-27:20
87            android:name="expo.modules.filesystem.FileSystemFileProvider"
87-->[:expo-file-system] AndroidManifest.xml:19:13-74
88            android:authorities="com.fans_club_app.FileSystemFileProvider"
88-->[:expo-file-system] AndroidManifest.xml:20:13-74
89            android:exported="false"
89-->[:expo-file-system] AndroidManifest.xml:21:13-37
90            android:grantUriPermissions="true" >
90-->[:expo-file-system] AndroidManifest.xml:22:13-47
91            <meta-data
91-->[:expo-file-system] AndroidManifest.xml:24:13-26:70
92                android:name="android.support.FILE_PROVIDER_PATHS"
92-->[:expo-file-system] AndroidManifest.xml:25:17-67
93                android:resource="@xml/file_system_provider_paths" />
93-->[:expo-file-system] AndroidManifest.xml:26:17-67
94        </provider>
95
96        <activity
96-->[com.google.android.gms:play-services-auth:16.0.1] AndroidManifest.xml:23:9-27:75
97            android:name="com.google.android.gms.auth.api.signin.internal.SignInHubActivity"
97-->[com.google.android.gms:play-services-auth:16.0.1] AndroidManifest.xml:24:13-93
98            android:excludeFromRecents="true"
98-->[com.google.android.gms:play-services-auth:16.0.1] AndroidManifest.xml:25:13-46
99            android:exported="false"
99-->[com.google.android.gms:play-services-auth:16.0.1] AndroidManifest.xml:26:13-37
100            android:theme="@android:style/Theme.Translucent.NoTitleBar" />
100-->[com.google.android.gms:play-services-auth:16.0.1] AndroidManifest.xml:27:13-72
101        <!--
102            Service handling Google Sign-In user revocation. For apps that do not integrate with
103            Google Sign-In, this service will never be started.
104        -->
105        <service
105-->[com.google.android.gms:play-services-auth:16.0.1] AndroidManifest.xml:33:9-36:110
106            android:name="com.google.android.gms.auth.api.signin.RevocationBoundService"
106-->[com.google.android.gms:play-services-auth:16.0.1] AndroidManifest.xml:34:13-89
107            android:exported="true"
107-->[com.google.android.gms:play-services-auth:16.0.1] AndroidManifest.xml:35:13-36
108            android:permission="com.google.android.gms.auth.api.signin.permission.REVOCATION_NOTIFICATION" />
108-->[com.google.android.gms:play-services-auth:16.0.1] AndroidManifest.xml:36:13-107
109
110        <activity
110-->[com.google.android.gms:play-services-base:16.0.1] AndroidManifest.xml:23:9-26:75
111            android:name="com.google.android.gms.common.api.GoogleApiActivity"
111-->[com.google.android.gms:play-services-base:16.0.1] AndroidManifest.xml:24:13-79
112            android:exported="false"
112-->[com.google.android.gms:play-services-base:16.0.1] AndroidManifest.xml:25:13-37
113            android:theme="@android:style/Theme.Translucent.NoTitleBar" />
113-->[com.google.android.gms:play-services-base:16.0.1] AndroidManifest.xml:26:13-72
114
115        <meta-data
115-->[com.google.android.gms:play-services-basement:16.0.1] AndroidManifest.xml:23:9-25:69
116            android:name="com.google.android.gms.version"
116-->[com.google.android.gms:play-services-basement:16.0.1] AndroidManifest.xml:24:13-58
117            android:value="@integer/google_play_services_version" />
117-->[com.google.android.gms:play-services-basement:16.0.1] AndroidManifest.xml:25:13-66
118
119        <activity android:name="com.facebook.CustomTabMainActivity" />
119-->[com.facebook.android:facebook-common:7.0.1] AndroidManifest.xml:34:9-71
119-->[com.facebook.android:facebook-common:7.0.1] AndroidManifest.xml:34:19-68
120        <!--
121         The initialization ContentProvider will call FacebookSdk.sdkInitialize automatically
122         with the application context. This config is merged in with the host app's manifest,
123         but there can only be one provider with the same authority activated at any given
124         point; so if the end user has two or more different apps that use Facebook SDK, only the
125         first one will be able to use the provider. To work around this problem, we use the
126         following placeholder in the authority to identify each host application as if it was
127         a completely different provider.
128        -->
129        <provider
129-->[com.facebook.android:facebook-core:7.0.1] AndroidManifest.xml:39:9-42:40
130            android:name="com.facebook.internal.FacebookInitProvider"
130-->[com.facebook.android:facebook-core:7.0.1] AndroidManifest.xml:40:13-70
131            android:authorities="com.fans_club_app.FacebookInitProvider"
131-->[com.facebook.android:facebook-core:7.0.1] AndroidManifest.xml:41:13-72
132            android:exported="false" />
132-->[com.facebook.android:facebook-core:7.0.1] AndroidManifest.xml:42:13-37
133
134        <receiver
134-->[com.facebook.android:facebook-core:7.0.1] AndroidManifest.xml:44:9-50:20
135            android:name="com.facebook.CurrentAccessTokenExpirationBroadcastReceiver"
135-->[com.facebook.android:facebook-core:7.0.1] AndroidManifest.xml:45:13-86
136            android:exported="false" >
136-->[com.facebook.android:facebook-core:7.0.1] AndroidManifest.xml:46:13-37
137            <intent-filter>
137-->[com.facebook.android:facebook-core:7.0.1] AndroidManifest.xml:47:13-49:29
138                <action android:name="com.facebook.sdk.ACTION_CURRENT_ACCESS_TOKEN_CHANGED" />
138-->[com.facebook.android:facebook-core:7.0.1] AndroidManifest.xml:48:17-95
138-->[com.facebook.android:facebook-core:7.0.1] AndroidManifest.xml:48:25-92
139            </intent-filter>
140        </receiver>
141
142        <provider
142-->[com.mapbox.mapboxsdk:mapbox-android-telemetry:5.0.0] AndroidManifest.xml:18:9-22:39
143            android:name="com.mapbox.android.telemetry.provider.MapboxTelemetryInitProvider"
143-->[com.mapbox.mapboxsdk:mapbox-android-telemetry:5.0.0] AndroidManifest.xml:19:13-93
144            android:authorities="com.fans_club_app.mapboxtelemetryinitprovider"
144-->[com.mapbox.mapboxsdk:mapbox-android-telemetry:5.0.0] AndroidManifest.xml:20:13-79
145            android:exported="false"
145-->[com.mapbox.mapboxsdk:mapbox-android-telemetry:5.0.0] AndroidManifest.xml:21:13-37
146            android:initOrder="100" />
146-->[com.mapbox.mapboxsdk:mapbox-android-telemetry:5.0.0] AndroidManifest.xml:22:13-36
147
148        <service
148-->[com.mapbox.mapboxsdk:mapbox-android-telemetry:5.0.0] AndroidManifest.xml:24:9-26:72
149            android:name="com.mapbox.android.telemetry.crash.CrashReporterJobIntentService"
149-->[com.mapbox.mapboxsdk:mapbox-android-telemetry:5.0.0] AndroidManifest.xml:25:13-92
150            android:permission="android.permission.BIND_JOB_SERVICE" />
150-->[com.mapbox.mapboxsdk:mapbox-android-telemetry:5.0.0] AndroidManifest.xml:26:13-69
151    </application>
152
153</manifest>